<?xml version="1.0" encoding="UTF-8"?>
<coverage generated="1571768070">
  <project timestamp="1571768070">
    <package name="Rav\FileSystem\Structure">
      <file name="/var/www/html/filesystemstructure.pl/package/src/FileSystem/Structure/FileSystemStructureException.php">
        <class name="Rav\FileSystem\Structure\FileSystemStructureException" namespace="Rav\FileSystem\Structure">
          <metrics complexity="0" methods="0" coveredmethods="0" conditionals="0" coveredconditionals="0" statements="0" coveredstatements="0" elements="0" coveredelements="0"/>
        </class>
        <metrics loc="7" ncloc="7" classes="0" methods="0" coveredmethods="0" conditionals="0" coveredconditionals="0" statements="0" coveredstatements="0" elements="0" coveredelements="0"/>
      </file>
      <file name="/var/www/html/filesystemstructure.pl/package/src/FileSystem/Structure/FsObject.php">
        <class name="Rav\FileSystem\Structure\FsObject" namespace="Rav\FileSystem\Structure">
          <metrics complexity="17" methods="16" coveredmethods="16" conditionals="0" coveredconditionals="0" statements="31" coveredstatements="31" elements="47" coveredelements="47"/>
        </class>
        <line num="27" type="method" name="__construct" visibility="public" complexity="1" crap="1" count="31"/>
        <line num="28" type="stmt" count="31"/>
        <line num="29" type="stmt" count="31"/>
        <line num="31" type="stmt" count="31"/>
        <line num="33" type="stmt" count="31"/>
        <line num="34" type="stmt" count="31"/>
        <line num="35" type="stmt" count="31"/>
        <line num="37" type="method" name="setType" visibility="public" complexity="2" crap="2" count="26"/>
        <line num="38" type="stmt" count="26"/>
        <line num="39" type="stmt" count="1"/>
        <line num="42" type="stmt" count="25"/>
        <line num="43" type="stmt" count="25"/>
        <line num="45" type="method" name="setPath" visibility="public" complexity="1" crap="1" count="26"/>
        <line num="46" type="stmt" count="26"/>
        <line num="47" type="stmt" count="26"/>
        <line num="49" type="method" name="setName" visibility="public" complexity="1" crap="1" count="25"/>
        <line num="50" type="stmt" count="25"/>
        <line num="51" type="stmt" count="25"/>
        <line num="53" type="method" name="setSize" visibility="public" complexity="1" crap="1" count="25"/>
        <line num="54" type="stmt" count="25"/>
        <line num="55" type="stmt" count="25"/>
        <line num="57" type="method" name="setTime" visibility="public" complexity="1" crap="1" count="25"/>
        <line num="58" type="stmt" count="25"/>
        <line num="59" type="stmt" count="25"/>
        <line num="61" type="method" name="addChild" visibility="public" complexity="1" crap="1" count="7"/>
        <line num="62" type="stmt" count="7"/>
        <line num="63" type="stmt" count="7"/>
        <line num="64" type="stmt" count="7"/>
        <line num="66" type="method" name="getChildes" visibility="public" complexity="1" crap="1" count="17"/>
        <line num="67" type="stmt" count="17"/>
        <line num="70" type="method" name="hasChildes" visibility="public" complexity="1" crap="1" count="15"/>
        <line num="71" type="stmt" count="15"/>
        <line num="74" type="method" name="getType" visibility="public" complexity="1" crap="1" count="7"/>
        <line num="75" type="stmt" count="7"/>
        <line num="78" type="method" name="getPath" visibility="public" complexity="1" crap="1" count="1"/>
        <line num="79" type="stmt" count="1"/>
        <line num="82" type="method" name="getName" visibility="public" complexity="1" crap="1" count="12"/>
        <line num="83" type="stmt" count="12"/>
        <line num="86" type="method" name="getSize" visibility="public" complexity="1" crap="1" count="7"/>
        <line num="87" type="stmt" count="7"/>
        <line num="90" type="method" name="getTime" visibility="public" complexity="1" crap="1" count="7"/>
        <line num="91" type="stmt" count="7"/>
        <line num="94" type="method" name="humanSize" visibility="public" complexity="1" crap="1" count="1"/>
        <line num="95" type="stmt" count="1"/>
        <line num="97" type="stmt" count="1"/>
        <line num="100" type="method" name="humanTime" visibility="public" complexity="1" crap="1" count="1"/>
        <line num="101" type="stmt" count="1"/>
        <metrics loc="102" ncloc="102" classes="1" methods="16" coveredmethods="16" conditionals="0" coveredconditionals="0" statements="31" coveredstatements="31" elements="47" coveredelements="47"/>
      </file>
      <file name="/var/www/html/filesystemstructure.pl/package/src/FileSystem/Structure/Structure.php">
        <class name="Rav\FileSystem\Structure\Structure" namespace="Rav\FileSystem\Structure">
          <metrics complexity="19" methods="9" coveredmethods="9" conditionals="0" coveredconditionals="0" statements="43" coveredstatements="43" elements="52" coveredelements="52"/>
        </class>
        <line num="36" type="method" name="__construct" visibility="public" complexity="2" crap="2" count="13"/>
        <line num="37" type="stmt" count="13"/>
        <line num="38" type="stmt" count="1"/>
        <line num="40" type="stmt" count="13"/>
        <line num="41" type="stmt" count="13"/>
        <line num="42" type="stmt" count="13"/>
        <line num="43" type="stmt" count="13"/>
        <line num="44" type="stmt" count="13"/>
        <line num="45" type="stmt" count="13"/>
        <line num="47" type="method" name="hide" visibility="public" complexity="3" crap="3" count="1"/>
        <line num="48" type="stmt" count="1"/>
        <line num="49" type="stmt" count="1"/>
        <line num="51" type="stmt" count="1"/>
        <line num="54" type="stmt" count="1"/>
        <line num="55" type="stmt" count="1"/>
        <line num="58" type="stmt" count="1"/>
        <line num="61" type="method" name="filter" visibility="public" complexity="2" crap="2" count="2"/>
        <line num="62" type="stmt" count="2"/>
        <line num="63" type="stmt" count="1"/>
        <line num="66" type="stmt" count="1"/>
        <line num="68" type="stmt" count="1"/>
        <line num="71" type="method" name="order" visibility="public" complexity="3" crap="3" count="8"/>
        <line num="72" type="stmt" count="8"/>
        <line num="73" type="stmt" count="1"/>
        <line num="76" type="stmt" count="7"/>
        <line num="78" type="stmt" count="7"/>
        <line num="79" type="stmt" count="1"/>
        <line num="82" type="stmt" count="6"/>
        <line num="84" type="stmt" count="6"/>
        <line num="87" type="method" name="get" visibility="public" complexity="5" crap="5" count="5"/>
        <line num="88" type="stmt" count="5"/>
        <line num="89" type="stmt" count="5"/>
        <line num="90" type="stmt" count="1"/>
        <line num="93" type="stmt" count="4"/>
        <line num="94" type="stmt" count="1"/>
        <line num="95" type="stmt" count="1"/>
        <line num="96" type="stmt" count="1"/>
        <line num="97" type="stmt" count="1"/>
        <line num="100" type="stmt" count="4"/>
        <line num="101" type="stmt" count="4"/>
        <line num="102" type="stmt" count="4"/>
        <line num="103" type="stmt" count="4"/>
        <line num="104" type="stmt" count="4"/>
        <line num="106" type="stmt" count="4"/>
        <line num="109" type="method" name="getHidden" visibility="public" complexity="1" crap="1" count="1"/>
        <line num="110" type="stmt" count="1"/>
        <line num="113" type="method" name="getFilter" visibility="public" complexity="1" crap="1" count="1"/>
        <line num="114" type="stmt" count="1"/>
        <line num="117" type="method" name="getOrder" visibility="public" complexity="1" crap="1" count="1"/>
        <line num="118" type="stmt" count="1"/>
        <line num="121" type="method" name="getOrderValue" visibility="public" complexity="1" crap="1" count="1"/>
        <line num="122" type="stmt" count="1"/>
        <metrics loc="123" ncloc="123" classes="1" methods="9" coveredmethods="9" conditionals="0" coveredconditionals="0" statements="43" coveredstatements="43" elements="52" coveredelements="52"/>
      </file>
    </package>
    <package name="Rav\FileSystem\Structure\Structure">
      <file name="/var/www/html/filesystemstructure.pl/package/src/FileSystem/Structure/Structure/BaseStructure.php">
        <class name="Rav\FileSystem\Structure\Structure\BaseStructure" namespace="Rav\FileSystem\Structure\Structure">
          <metrics complexity="25" methods="15" coveredmethods="9" conditionals="0" coveredconditionals="0" statements="50" coveredstatements="44" elements="65" coveredelements="53"/>
        </class>
        <line num="27" type="method" name="__construct" visibility="public" complexity="1" crap="1" count="24"/>
        <line num="28" type="stmt" count="24"/>
        <line num="29" type="stmt" count="24"/>
        <line num="31" type="stmt" count="24"/>
        <line num="32" type="stmt" count="24"/>
        <line num="34" type="method" name="setLeadingName" visibility="public" complexity="1" crap="1" count="24"/>
        <line num="35" type="stmt" count="24"/>
        <line num="36" type="stmt" count="24"/>
        <line num="38" type="method" name="setHidden" visibility="public" complexity="1" crap="1" count="24"/>
        <line num="39" type="stmt" count="24"/>
        <line num="40" type="stmt" count="24"/>
        <line num="42" type="method" name="setFilter" visibility="public" complexity="1" crap="1" count="24"/>
        <line num="43" type="stmt" count="24"/>
        <line num="44" type="stmt" count="24"/>
        <line num="46" type="method" name="setOrder" visibility="public" complexity="1" crap="1" count="24"/>
        <line num="47" type="stmt" count="24"/>
        <line num="48" type="stmt" count="24"/>
        <line num="50" type="method" name="setOrderValue" visibility="public" complexity="1" crap="1" count="24"/>
        <line num="51" type="stmt" count="24"/>
        <line num="52" type="stmt" count="24"/>
        <line num="56" type="method" name="readDir" visibility="protected" complexity="7" crap="7.02" count="24"/>
        <line num="57" type="stmt" count="24"/>
        <line num="58" type="stmt" count="24"/>
        <line num="59" type="stmt" count="24"/>
        <line num="60" type="stmt" count="24"/>
        <line num="63" type="stmt" count="24"/>
        <line num="65" type="stmt" count="24"/>
        <line num="66" type="stmt" count="24"/>
        <line num="67" type="stmt" count="0"/>
        <line num="70" type="stmt" count="24"/>
        <line num="71" type="stmt" count="24"/>
        <line num="73" type="stmt" count="24"/>
        <line num="74" type="stmt" count="4"/>
        <line num="77" type="stmt" count="24"/>
        <line num="80" type="method" name="init" visibility="public" complexity="2" crap="2" count="24"/>
        <line num="81" type="stmt" count="24"/>
        <line num="83" type="stmt" count="24"/>
        <line num="84" type="stmt" count="24"/>
        <line num="86" type="stmt" count="24"/>
        <line num="87" type="stmt" count="24"/>
        <line num="88" type="stmt" count="20"/>
        <line num="90" type="stmt" count="24"/>
        <line num="92" type="method" name="getElement" visibility="public" complexity="1" crap="1" count="24"/>
        <line num="93" type="stmt" count="24"/>
        <line num="94" type="stmt" count="24"/>
        <line num="95" type="stmt" count="24"/>
        <line num="96" type="stmt" count="24"/>
        <line num="97" type="stmt" count="24"/>
        <line num="98" type="stmt" count="24"/>
        <line num="100" type="stmt" count="24"/>
        <line num="103" type="method" name="getLeadingName" visibility="public" complexity="1" crap="2.00" count="0"/>
        <line num="104" type="stmt" count="0"/>
        <line num="107" type="method" name="getHidden" visibility="public" complexity="1" crap="2.00" count="0"/>
        <line num="108" type="stmt" count="0"/>
        <line num="111" type="method" name="getFilter" visibility="public" complexity="1" crap="2.00" count="0"/>
        <line num="112" type="stmt" count="0"/>
        <line num="115" type="method" name="getOrder" visibility="public" complexity="1" crap="2.00" count="0"/>
        <line num="116" type="stmt" count="0"/>
        <line num="119" type="method" name="getOrderValue" visibility="public" complexity="1" crap="2.00" count="0"/>
        <line num="120" type="stmt" count="0"/>
        <line num="123" type="method" name="getName" visibility="protected" complexity="3" crap="3" count="24"/>
        <line num="124" type="stmt" count="24"/>
        <line num="125" type="stmt" count="24"/>
        <line num="126" type="stmt" count="8"/>
        <line num="129" type="stmt" count="24"/>
        <metrics loc="130" ncloc="130" classes="1" methods="15" coveredmethods="9" conditionals="0" coveredconditionals="0" statements="50" coveredstatements="44" elements="65" coveredelements="53"/>
      </file>
      <file name="/var/www/html/filesystemstructure.pl/package/src/FileSystem/Structure/Structure/NameStructure.php">
        <class name="Rav\FileSystem\Structure\Structure\NameStructure" namespace="Rav\FileSystem\Structure\Structure">
          <metrics complexity="12" methods="2" coveredmethods="1" conditionals="0" coveredconditionals="0" statements="35" coveredstatements="32" elements="37" coveredelements="33"/>
        </class>
        <line num="11" type="method" name="get" visibility="public" complexity="1" crap="1" count="6"/>
        <line num="12" type="stmt" count="6"/>
        <line num="14" type="stmt" count="6"/>
        <line num="15" type="stmt" count="6"/>
        <line num="16" type="stmt" count="6"/>
        <line num="18" type="stmt" count="6"/>
        <line num="20" type="stmt" count="6"/>
        <line num="23" type="method" name="scanDir" visibility="protected" complexity="11" crap="11.13" count="6"/>
        <line num="24" type="stmt" count="6"/>
        <line num="25" type="stmt" count="6"/>
        <line num="26" type="stmt" count="0"/>
        <line num="29" type="stmt" count="6"/>
        <line num="30" type="stmt" count="6"/>
        <line num="31" type="stmt" count="6"/>
        <line num="32" type="stmt" count="1"/>
        <line num="35" type="stmt" count="6"/>
        <line num="37" type="stmt" count="6"/>
        <line num="38" type="stmt" count="5"/>
        <line num="40" type="stmt" count="5"/>
        <line num="41" type="stmt" count="5"/>
        <line num="42" type="stmt" count="6"/>
        <line num="43" type="stmt" count="6"/>
        <line num="44" type="stmt" count="6"/>
        <line num="45" type="stmt" count="0"/>
        <line num="48" type="stmt" count="6"/>
        <line num="49" type="stmt" count="6"/>
        <line num="50" type="stmt" count="6"/>
        <line num="51" type="stmt" count="6"/>
        <line num="52" type="stmt" count="1"/>
        <line num="53" type="stmt" count="1"/>
        <line num="54" type="stmt" count="0"/>
        <line num="56" type="stmt" count="1"/>
        <line num="57" type="stmt" count="1"/>
        <line num="58" type="stmt" count="1"/>
        <line num="59" type="stmt" count="1"/>
        <line num="61" type="stmt" count="1"/>
        <line num="64" type="stmt" count="6"/>
        <metrics loc="64" ncloc="64" classes="1" methods="2" coveredmethods="1" conditionals="0" coveredconditionals="0" statements="35" coveredstatements="32" elements="37" coveredelements="33"/>
      </file>
      <file name="/var/www/html/filesystemstructure.pl/package/src/FileSystem/Structure/Structure/SizeStructure.php">
        <class name="Rav\FileSystem\Structure\Structure\SizeStructure" namespace="Rav\FileSystem\Structure\Structure">
          <metrics complexity="12" methods="2" coveredmethods="1" conditionals="0" coveredconditionals="0" statements="33" coveredstatements="31" elements="35" coveredelements="32"/>
        </class>
        <line num="11" type="method" name="get" visibility="public" complexity="1" crap="1" count="6"/>
        <line num="12" type="stmt" count="6"/>
        <line num="14" type="stmt" count="6"/>
        <line num="15" type="stmt" count="6"/>
        <line num="16" type="stmt" count="6"/>
        <line num="18" type="stmt" count="6"/>
        <line num="19" type="stmt" count="6"/>
        <line num="21" type="stmt" count="6"/>
        <line num="24" type="method" name="scanDir" visibility="protected" complexity="11" crap="11.06" count="6"/>
        <line num="25" type="stmt" count="6"/>
        <line num="26" type="stmt" count="6"/>
        <line num="27" type="stmt" count="0"/>
        <line num="30" type="stmt" count="6"/>
        <line num="31" type="stmt" count="6"/>
        <line num="32" type="stmt" count="6"/>
        <line num="33" type="stmt" count="1"/>
        <line num="36" type="stmt" count="6"/>
        <line num="38" type="stmt" count="6"/>
        <line num="39" type="stmt" count="5"/>
        <line num="41" type="stmt" count="5"/>
        <line num="42" type="stmt" count="5"/>
        <line num="43" type="stmt" count="6"/>
        <line num="44" type="stmt" count="6"/>
        <line num="45" type="stmt" count="6"/>
        <line num="46" type="stmt" count="0"/>
        <line num="49" type="stmt" count="6"/>
        <line num="51" type="stmt" count="6"/>
        <line num="52" type="stmt" count="6"/>
        <line num="54" type="stmt" count="1"/>
        <line num="55" type="stmt" count="1"/>
        <line num="57" type="stmt" count="1"/>
        <line num="59" type="stmt" count="1"/>
        <line num="60" type="stmt" count="1"/>
        <line num="62" type="stmt" count="1"/>
        <line num="65" type="stmt" count="6"/>
        <metrics loc="65" ncloc="65" classes="1" methods="2" coveredmethods="1" conditionals="0" coveredconditionals="0" statements="33" coveredstatements="31" elements="35" coveredelements="32"/>
      </file>
      <file name="/var/www/html/filesystemstructure.pl/package/src/FileSystem/Structure/Structure/SortHelper.php">
        <class name="Rav\FileSystem\Structure\Structure\SortHelper" namespace="Rav\FileSystem\Structure\Structure">
          <metrics complexity="28" methods="6" coveredmethods="4" conditionals="0" coveredconditionals="0" statements="48" coveredstatements="32" elements="54" coveredelements="36"/>
        </class>
        <line num="9" type="method" name="ascSizeComparator" visibility="public" complexity="1" crap="1" count="6"/>
        <line num="10" type="stmt" count="6"/>
        <line num="13" type="method" name="descSizeComparator" visibility="public" complexity="1" crap="1" count="1"/>
        <line num="14" type="stmt" count="1"/>
        <line num="17" type="method" name="ascTimeComparator" visibility="public" complexity="1" crap="1" count="6"/>
        <line num="18" type="stmt" count="6"/>
        <line num="21" type="method" name="descTimeComparator" visibility="public" complexity="1" crap="1" count="1"/>
        <line num="22" type="stmt" count="1"/>
        <line num="25" type="method" name="ascTypeComparator" visibility="public" complexity="12" crap="18.92" count="6"/>
        <line num="26" type="stmt" count="6"/>
        <line num="27" type="stmt" count="5"/>
        <line num="28" type="stmt" count="0"/>
        <line num="31" type="stmt" count="5"/>
        <line num="32" type="stmt" count="5"/>
        <line num="34" type="stmt" count="5"/>
        <line num="35" type="stmt" count="5"/>
        <line num="38" type="stmt" count="5"/>
        <line num="39" type="stmt" count="0"/>
        <line num="40" type="stmt" count="0"/>
        <line num="41" type="stmt" count="0"/>
        <line num="42" type="stmt" count="0"/>
        <line num="43" type="stmt" count="0"/>
        <line num="45" type="stmt" count="0"/>
        <line num="48" type="stmt" count="5"/>
        <line num="49" type="stmt" count="5"/>
        <line num="51" type="stmt" count="5"/>
        <line num="52" type="stmt" count="5"/>
        <line num="53" type="stmt" count="5"/>
        <line num="55" type="stmt" count="5"/>
        <line num="58" type="stmt" count="0"/>
        <line num="61" type="stmt" count="6"/>
        <line num="64" type="method" name="descTypeComparator" visibility="public" complexity="12" crap="18.92" count="1"/>
        <line num="65" type="stmt" count="1"/>
        <line num="66" type="stmt" count="1"/>
        <line num="67" type="stmt" count="0"/>
        <line num="70" type="stmt" count="1"/>
        <line num="71" type="stmt" count="1"/>
        <line num="73" type="stmt" count="1"/>
        <line num="74" type="stmt" count="1"/>
        <line num="77" type="stmt" count="1"/>
        <line num="78" type="stmt" count="0"/>
        <line num="79" type="stmt" count="0"/>
        <line num="80" type="stmt" count="0"/>
        <line num="81" type="stmt" count="0"/>
        <line num="82" type="stmt" count="0"/>
        <line num="84" type="stmt" count="0"/>
        <line num="87" type="stmt" count="1"/>
        <line num="88" type="stmt" count="1"/>
        <line num="90" type="stmt" count="1"/>
        <line num="91" type="stmt" count="1"/>
        <line num="92" type="stmt" count="1"/>
        <line num="94" type="stmt" count="1"/>
        <line num="97" type="stmt" count="0"/>
        <line num="100" type="stmt" count="1"/>
        <metrics loc="101" ncloc="101" classes="1" methods="6" coveredmethods="4" conditionals="0" coveredconditionals="0" statements="48" coveredstatements="32" elements="54" coveredelements="36"/>
      </file>
      <file name="/var/www/html/filesystemstructure.pl/package/src/FileSystem/Structure/Structure/TimeStructure.php">
        <class name="Rav\FileSystem\Structure\Structure\TimeStructure" namespace="Rav\FileSystem\Structure\Structure">
          <metrics complexity="12" methods="2" coveredmethods="1" conditionals="0" coveredconditionals="0" statements="33" coveredstatements="31" elements="35" coveredelements="32"/>
        </class>
        <line num="11" type="method" name="get" visibility="public" complexity="1" crap="1" count="6"/>
        <line num="12" type="stmt" count="6"/>
        <line num="14" type="stmt" count="6"/>
        <line num="15" type="stmt" count="6"/>
        <line num="16" type="stmt" count="6"/>
        <line num="18" type="stmt" count="6"/>
        <line num="19" type="stmt" count="6"/>
        <line num="21" type="stmt" count="6"/>
        <line num="24" type="method" name="scanDir" visibility="protected" complexity="11" crap="11.06" count="6"/>
        <line num="25" type="stmt" count="6"/>
        <line num="26" type="stmt" count="6"/>
        <line num="27" type="stmt" count="0"/>
        <line num="30" type="stmt" count="6"/>
        <line num="31" type="stmt" count="6"/>
        <line num="32" type="stmt" count="6"/>
        <line num="33" type="stmt" count="1"/>
        <line num="36" type="stmt" count="6"/>
        <line num="38" type="stmt" count="6"/>
        <line num="39" type="stmt" count="5"/>
        <line num="41" type="stmt" count="5"/>
        <line num="42" type="stmt" count="5"/>
        <line num="43" type="stmt" count="6"/>
        <line num="44" type="stmt" count="6"/>
        <line num="45" type="stmt" count="6"/>
        <line num="46" type="stmt" count="0"/>
        <line num="49" type="stmt" count="6"/>
        <line num="51" type="stmt" count="6"/>
        <line num="52" type="stmt" count="6"/>
        <line num="54" type="stmt" count="1"/>
        <line num="55" type="stmt" count="1"/>
        <line num="57" type="stmt" count="1"/>
        <line num="59" type="stmt" count="1"/>
        <line num="60" type="stmt" count="1"/>
        <line num="62" type="stmt" count="1"/>
        <line num="65" type="stmt" count="6"/>
        <metrics loc="65" ncloc="65" classes="1" methods="2" coveredmethods="1" conditionals="0" coveredconditionals="0" statements="33" coveredstatements="31" elements="35" coveredelements="32"/>
      </file>
      <file name="/var/www/html/filesystemstructure.pl/package/src/FileSystem/Structure/Structure/TypeStructure.php">
        <class name="Rav\FileSystem\Structure\Structure\TypeStructure" namespace="Rav\FileSystem\Structure\Structure">
          <metrics complexity="12" methods="2" coveredmethods="1" conditionals="0" coveredconditionals="0" statements="33" coveredstatements="31" elements="35" coveredelements="32"/>
        </class>
        <line num="11" type="method" name="get" visibility="public" complexity="1" crap="1" count="6"/>
        <line num="12" type="stmt" count="6"/>
        <line num="14" type="stmt" count="6"/>
        <line num="15" type="stmt" count="6"/>
        <line num="17" type="stmt" count="6"/>
        <line num="19" type="stmt" count="6"/>
        <line num="20" type="stmt" count="6"/>
        <line num="22" type="stmt" count="6"/>
        <line num="25" type="method" name="scanDir" visibility="protected" complexity="11" crap="11.06" count="6"/>
        <line num="26" type="stmt" count="6"/>
        <line num="27" type="stmt" count="6"/>
        <line num="28" type="stmt" count="0"/>
        <line num="31" type="stmt" count="6"/>
        <line num="32" type="stmt" count="6"/>
        <line num="33" type="stmt" count="6"/>
        <line num="34" type="stmt" count="1"/>
        <line num="37" type="stmt" count="6"/>
        <line num="39" type="stmt" count="6"/>
        <line num="40" type="stmt" count="5"/>
        <line num="42" type="stmt" count="5"/>
        <line num="43" type="stmt" count="5"/>
        <line num="44" type="stmt" count="6"/>
        <line num="45" type="stmt" count="6"/>
        <line num="46" type="stmt" count="6"/>
        <line num="47" type="stmt" count="0"/>
        <line num="50" type="stmt" count="6"/>
        <line num="52" type="stmt" count="6"/>
        <line num="53" type="stmt" count="6"/>
        <line num="55" type="stmt" count="1"/>
        <line num="56" type="stmt" count="1"/>
        <line num="58" type="stmt" count="1"/>
        <line num="60" type="stmt" count="1"/>
        <line num="61" type="stmt" count="1"/>
        <line num="63" type="stmt" count="1"/>
        <line num="66" type="stmt" count="6"/>
        <metrics loc="66" ncloc="66" classes="1" methods="2" coveredmethods="1" conditionals="0" coveredconditionals="0" statements="33" coveredstatements="31" elements="35" coveredelements="32"/>
      </file>
    </package>
    <file name="/var/www/html/filesystemstructure.pl/package/src/FileSystem/Structure/Structure/Structure.php">
      <metrics loc="9" ncloc="9" classes="0" methods="0" coveredmethods="0" conditionals="0" coveredconditionals="0" statements="0" coveredstatements="0" elements="0" coveredelements="0"/>
    </file>
    <metrics files="10" loc="732" ncloc="732" classes="8" methods="54" coveredmethods="42" conditionals="0" coveredconditionals="0" statements="306" coveredstatements="275" elements="360" coveredelements="317"/>
  </project>
</coverage>
